[2020-10-23 00:10:00] 16.65 62.37 1005.57
[2020-10-23 00:20:00] 16.76 62.06 1005.59
[2020-10-23 00:30:00] 16.76 62.06 1005.47
[2020-10-23 00:40:00] 16.57 62.6 1005.4
[2020-10-23 00:50:00] 16.49 62.66 1005.26
[2020-10-23 01:00:00] 16.14 63.62 1005.3
[2020-10-23 01:10:00] 16.13 63.56 1005.12
[2020-10-23 01:20:00] 16.12 63.41 1005.11
[2020-10-23 01:30:00] 16.08 63.4 1004.93
[2020-10-23 01:40:00] 15.99 63.46 1004.83
[2020-10-23 01:50:01] 15.79 63.72 1004.69
[2020-10-23 02:00:01] 15.76 63.46 1004.68
[2020-10-23 02:10:01] 15.7 63.24 1004.59
[2020-10-23 02:20:01] 15.55 63.26 1004.61
[2020-10-23 02:30:01] 15.56 63.14 1004.52
[2020-10-23 02:40:01] 15.72 62.76 1004.52
[2020-10-23 02:50:01] 15.95 62.17 1004.31
[2020-10-23 03:00:01] 16.14 61.87 1004.21
[2020-10-23 03:10:01] 16.25 61.89 1004.11
[2020-10-23 03:20:01] 16.38 61.79 1003.88
[2020-10-23 03:30:02] 16.83 60.59 1003.8
[2020-10-23 03:40:02] 16.35 62.43 1003.62
[2020-10-23 03:50:02] 16.38 62.66 1003.48
[2020-10-23 04:00:02] 16.42 62.77 1003.55
[2020-10-23 04:10:02] 16.43 62.9 1003.43
[2020-10-23 04:20:02] 16.55 62.77 1003.18
[2020-10-23 04:30:02] 16.38 63.4 1003.12
[2020-10-23 04:40:02] 16.24 63.98 1003.0
[2020-10-23 04:50:02] 16.2 63.99 1002.98
[2020-10-23 05:00:02] 16.09 64.31 1002.88
[2020-10-23 05:10:02] 16.15 64.11 1002.89
[2020-10-23 05:20:02] 16.17 64.21 1002.73
[2020-10-23 05:30:03] 16.16 64.19 1002.82
[2020-10-23 05:40:03] 16.06 64.53 1002.71
[2020-10-23 05:50:03] 16.2 64.26 1002.83
[2020-10-23 06:00:03] 16.14 64.56 1002.74
[2020-10-23 06:10:03] 16.14 64.87 1002.8
[2020-10-23 06:20:03] 16.24 64.81 1002.79
[2020-10-23 06:30:03] 16.22 64.99 1002.76
[2020-10-23 06:40:03] 16.18 65.27 1002.81
[2020-10-23 06:50:03] 16.34 64.92 1002.79
[2020-10-23 07:00:03] 16.29 65.27 1002.79
[2020-10-23 07:10:03] 16.28 65.3 1002.72
[2020-10-23 07:20:03] 16.35 65.06 1002.7
[2020-10-23 07:30:04] 16.44 64.86 1002.73
[2020-10-23 07:40:04] 16.5 64.69 1002.67
[2020-10-23 07:50:04] 16.55 64.69 1002.74
[2020-10-23 08:00:04] 16.43 65.09 1002.77
[2020-10-23 08:10:04] 16.41 65.22 1002.74
[2020-10-23 08:20:04] 16.35 65.44 1002.86
[2020-10-23 08:30:04] 16.49 65.04 1002.81
[2020-10-23 08:40:04] 17.22 62.88 1002.84
[2020-10-23 08:50:04] 17.65 61.92 1002.81
[2020-10-23 09:00:04] 17.96 61.64 1002.74
[2020-10-23 09:10:04] 17.87 62.55 1002.7
[2020-10-23 09:20:04] 18.19 62.27 1002.63
[2020-10-23 09:30:05] 18.33 62.59 1002.73
[2020-10-23 09:40:05] 18.58 62.82 1002.74
[2020-10-23 09:50:05] 18.91 62.38 1002.75
[2020-10-23 10:00:05] 19.68 60.91 1002.45
[2020-10-23 10:10:05] 20.75 60.03 1002.56
[2020-10-23 10:20:05] 21.1 60.79 1002.46
[2020-10-23 10:30:05] 20.92 61.32 1002.44
[2020-10-23 10:40:05] 20.22 62.51 1002.36
[2020-10-23 10:50:05] 19.9 63.51 1002.39
[2020-10-23 11:00:05] 19.86 63.47 1002.25
[2020-10-23 11:10:05] 19.5 64.27 1002.33
[2020-10-23 11:20:05] 19.41 64.32 1002.22
[2020-10-23 11:30:06] 19.89 62.94 1002.32
[2020-10-23 11:40:06] 20.16 62.41 1002.4
[2020-10-23 11:50:06] 20.23 62.48 1002.45
[2020-10-23 12:00:06] 20.14 62.93 1002.72
[2020-10-23 12:10:06] 20.25 62.92 1002.6
[2020-10-23 12:20:06] 20.23 63.22 1002.57
[2020-10-23 12:30:06] 20.33 63.17 1002.51
[2020-10-23 12:40:06] 20.88 61.96 1002.29
[2020-10-23 12:50:06] 21.07 61.87 1002.24
[2020-10-23 13:00:06] 20.91 62.22 1002.34
[2020-10-23 13:10:06] 21.13 61.64 1002.16
[2020-10-23 13:20:06] 21.9 60.32 1002.09
[2020-10-23 13:30:06] 22.29 60.28 1001.97
[2020-10-23 13:40:07] 22.51 59.89 1002.03
[2020-10-23 13:50:07] 22.69 60.01 1002.39
[2020-10-23 14:00:07] 23.04 59.2 1002.26
[2020-10-23 14:10:07] 23.56 58.06 1002.13
[2020-10-23 14:20:07] 23.68 57.58 1002.13
[2020-10-23 14:30:07] 22.93 59.58 1002.25
[2020-10-23 14:40:07] 22.25 61.19 1002.16
[2020-10-23 14:50:07] 21.7 61.71 1002.31
[2020-10-23 15:00:07] 21.32 62.0 1002.38
[2020-10-23 15:10:07] 20.74 62.28 1002.61
[2020-10-23 15:20:07] 20.58 61.83 1002.58
[2020-10-23 15:30:08] 20.46 61.44 1002.68
[2020-10-23 15:40:08] 20.16 62.28 1002.87
[2020-10-23 15:50:08] 19.85 62.64 1002.94
[2020-10-23 16:00:08] 19.71 62.33 1002.99
[2020-10-23 16:10:08] 19.63 62.18 1003.05
[2020-10-23 16:20:08] 19.27 62.53 1003.22
[2020-10-23 16:30:08] 19.12 62.42 1003.2
[2020-10-23 16:40:08] 19.17 61.95 1003.22
[2020-10-23 16:50:08] 18.96 62.03 1003.44
[2020-10-23 17:00:08] 18.74 62.2 1003.42
[2020-10-23 17:10:09] 18.53 62.43 1003.4
[2020-10-23 17:20:09] 18.31 62.51 1003.27
[2020-10-23 17:30:09] 18.2 62.51 1003.28
[2020-10-23 17:40:09] 18.06 62.63 1003.55
[2020-10-23 17:50:09] 17.9 62.71 1003.55
[2020-10-23 18:00:09] 17.7 62.81 1003.77
[2020-10-23 18:10:09] 17.65 62.57 1003.91
[2020-10-23 18:20:09] 17.56 62.44 1003.98
[2020-10-23 18:30:09] 17.45 62.38 1004.21
[2020-10-23 18:40:09] 17.33 62.29 1004.14
[2020-10-23 18:50:09] 17.16 62.33 1004.27
[2020-10-23 19:00:09] 17.0 62.49 1004.39
[2020-10-23 19:10:10] 16.78 62.65 1004.52
[2020-10-23 19:20:10] 16.58 62.8 1004.7
[2020-10-23 19:30:10] 16.47 62.7 1004.74
[2020-10-23 19:40:10] 16.36 62.57 1004.84
[2020-10-23 19:50:10] 16.24 62.43 1004.86
[2020-10-23 20:00:10] 16.1 62.35 1004.86
[2020-10-23 20:10:10] 16.02 62.19 1005.1
[2020-10-23 20:20:10] 15.81 62.31 1005.24
[2020-10-23 20:30:10] 15.74 61.97 1005.2
[2020-10-23 20:40:10] 15.55 62.09 1005.22
[2020-10-23 20:50:10] 15.54 61.74 1005.52
[2020-10-23 21:00:11] 15.48 61.55 1005.6
[2020-10-23 21:10:11] 15.34 61.71 1005.54
[2020-10-23 21:20:11] 15.16 61.84 1005.63
[2020-10-23 21:30:11] 15.01 61.81 1005.58
[2020-10-23 21:40:11] 14.93 61.65 1005.64
[2020-10-23 21:50:11] 14.8 61.53 1005.7
[2020-10-23 22:00:11] 14.68 61.37 1005.72
[2020-10-23 22:10:11] 14.63 61.16 1005.72
[2020-10-23 22:20:11] 14.54 61.02 1005.82
[2020-10-23 22:28:59] 14.47 60.95 1005.6
[2020-10-23 22:39:11] 14.42 60.62 1005.79
[2020-10-23 22:49:11] 14.29 60.6 1005.86
[2020-10-23 22:59:11] 14.19 60.7 1005.85
[2020-10-23 23:09:11] 14.27 60.23 1005.82
[2020-10-23 23:19:11] 14.24 60.12 1005.73
[2020-10-23 23:29:11] 14.19 60.18 1005.7
[2020-10-23 23:39:11] 14.12 60.14 1005.58
[2020-10-23 23:49:12] 14.03 60.17 1005.54
[2020-10-23 23:59:12] 14.11 59.9 1005.51
[2020-10-24 00:09:12] 14.03 60.07 1005.54
[2020-10-24 00:19:12] 13.88 60.33 1005.41
[2020-10-24 00:29:12] 13.86 60.38 1005.36
[2020-10-24 00:39:12] 13.89 60.11 1005.23
[2020-10-24 00:49:12] 13.84 60.24 1005.23
[2020-10-24 00:59:12] 13.76 60.41 1005.1
[2020-10-24 01:09:12] 13.82 60.16 1004.88
[2020-10-24 01:19:12] 13.78 60.19 1005.04
[2020-10-24 01:29:13] 13.76 60.33 1004.83
[2020-10-24 01:39:13] 13.96 60.02 1004.67
[2020-10-24 01:49:13] 14.1 59.88 1004.6
[2020-10-24 01:59:13] 14.35 59.38 1004.43
[2020-10-24 02:09:13] 14.41 59.5 1004.45
[2020-10-24 02:19:13] 14.38 59.94 1004.42
[2020-10-24 02:29:13] 14.14 60.72 1004.34
[2020-10-24 02:39:13] 14.1 60.98 1004.3
[2020-10-24 02:49:13] 14.12 60.94 1004.12
[2020-10-24 02:59:13] 14.1 60.94 1004.0
[2020-10-24 03:09:13] 14.01 61.11 1003.83
[2020-10-24 03:19:13] 14.18 60.65 1003.51
[2020-10-24 03:29:14] 14.04 61.15 1003.34
[2020-10-24 03:39:14] 14.11 60.92 1003.23
[2020-10-24 03:49:14] 14.11 61.04 1002.95
[2020-10-24 03:59:14] 14.29 60.51 1002.82
[2020-10-24 04:09:14] 14.12 61.04 1002.86
[2020-10-24 04:19:14] 14.17 61.02 1002.63
[2020-10-24 04:29:14] 14.08 61.28 1002.64
[2020-10-24 04:39:14] 14.16 61.04 1002.61
[2020-10-24 04:49:14] 14.0 61.64 1002.76
[2020-10-24 04:59:15] 14.18 61.14 1002.53
[2020-10-24 05:09:15] 14.07 61.38 1002.54
[2020-10-24 05:19:15] 14.09 61.48 1002.6
[2020-10-24 05:29:15] 14.05 61.6 1002.29
[2020-10-24 05:39:15] 14.08 61.53 1002.14
[2020-10-24 05:49:15] 14.06 61.57 1002.07
[2020-10-24 05:59:15] 14.11 61.54 1001.71
[2020-10-24 06:09:15] 14.13 61.61 1001.61
[2020-10-24 06:19:16] 14.09 61.76 1001.4
[2020-10-24 06:29:16] 14.42 61.09 1001.28
[2020-10-24 06:39:16] 14.5 61.11 1001.09
[2020-10-24 06:49:16] 14.54 61.16 1000.67
[2020-10-24 06:59:16] 14.63 61.16 1000.61
[2020-10-24 07:09:16] 14.71 61.2 1000.47
[2020-10-24 07:19:16] 14.6 61.69 1000.4
[2020-10-24 07:29:16] 14.72 61.43 1000.27
[2020-10-24 07:39:16] 14.85 61.21 1000.18
[2020-10-24 07:49:16] 14.78 61.58 1000.04
[2020-10-24 07:59:16] 14.73 61.93 999.88
[2020-10-24 08:09:16] 14.94 61.56 999.79
[2020-10-24 08:19:17] 15.11 61.47 999.94
[2020-10-24 08:29:17] 15.22 61.94 1000.12
[2020-10-24 08:39:17] 15.47 61.71 1000.14
[2020-10-24 08:49:17] 15.58 61.97 1000.05
[2020-10-24 08:59:17] 15.69 62.29 1000.06
[2020-10-24 09:09:17] 15.81 62.9 1000.09
[2020-10-24 09:19:17] 15.91 62.93 999.97
[2020-10-24 09:29:17] 16.08 63.18 999.82
[2020-10-24 09:39:17] 16.27 63.33 999.54
[2020-10-24 09:49:17] 16.61 62.52 999.56
[2020-10-24 09:59:17] 16.96 62.3 999.42
[2020-10-24 10:09:17] 17.09 62.62 999.19
[2020-10-24 10:19:17] 17.27 62.83 999.05
[2020-10-24 10:29:18] 17.31 63.36 998.89
[2020-10-24 10:39:18] 17.23 63.9 998.82
[2020-10-24 10:49:18] 17.12 64.48 998.61
[2020-10-24 10:59:18] 17.31 64.21 998.57
[2020-10-24 11:09:18] 17.53 63.9 998.36
[2020-10-24 11:19:18] 17.58 63.99 998.37
[2020-10-24 11:29:18] 17.67 64.03 998.49
[2020-10-24 11:39:18] 17.67 64.39 998.15
[2020-10-24 11:49:18] 17.73 64.32 998.03
[2020-10-24 11:59:18] 17.71 64.67 998.0
[2020-10-24 12:09:18] 17.74 64.86 997.9
[2020-10-24 12:19:19] 17.67 65.19 997.74
[2020-10-24 12:29:19] 17.94 64.65 997.44
[2020-10-24 12:39:19] 18.16 64.26 997.05
[2020-10-24 12:49:19] 18.12 64.87 996.95
[2020-10-24 12:59:19] 18.21 64.92 996.74
[2020-10-24 13:09:19] 18.5 64.26 996.69
[2020-10-24 13:19:19] 18.76 64.05 996.4
[2020-10-24 13:29:20] 18.62 64.83 996.27
[2020-10-24 13:39:20] 18.5 65.34 996.09
[2020-10-24 13:49:20] 18.55 65.39 995.84
[2020-10-24 13:59:20] 18.49 65.77 995.41
[2020-10-24 14:09:20] 18.55 65.87 995.28
[2020-10-24 14:19:20] 18.46 66.33 995.07
[2020-10-24 14:29:20] 18.38 66.83 994.8
[2020-10-24 14:39:20] 18.3 67.26 994.62
[2020-10-24 14:49:20] 18.54 66.73 994.48
[2020-10-24 14:59:21] 18.37 67.27 994.65
[2020-10-24 15:09:21] 18.61 66.44 994.35
[2020-10-24 15:19:21] 18.7 66.26 994.0
[2020-10-24 15:29:21] 18.78 65.71 993.97
[2020-10-24 15:39:21] 18.97 65.63 993.87
[2020-10-24 15:49:21] 18.81 66.33 993.46
[2020-10-24 15:59:21] 18.76 66.58 993.12
[2020-10-24 16:09:22] 18.58 67.21 992.99
[2020-10-24 16:19:22] 18.48 67.37 992.75
[2020-10-24 16:29:22] 18.39 67.54 992.31
[2020-10-24 16:39:22] 18.23 68.38 992.43
[2020-10-24 16:49:22] 18.26 68.32 992.04
[2020-10-24 16:59:22] 18.18 68.7 991.94
[2020-10-24 17:09:22] 18.05 69.01 991.66
[2020-10-24 17:19:22] 17.98 69.04 991.28
[2020-10-24 17:29:23] 17.9 69.04 991.21
[2020-10-24 17:39:23] 17.79 69.59 991.24
[2020-10-24 17:49:23] 17.78 69.01 990.85
[2020-10-24 17:59:23] 17.7 69.13 990.81
[2020-10-24 18:09:23] 17.57 69.98 990.89
[2020-10-24 18:19:23] 17.43 70.05 991.05
[2020-10-24 18:29:23] 17.28 69.94 990.96
[2020-10-24 18:39:23] 17.15 69.91 990.95
[2020-10-24 18:49:24] 17.28 69.01 991.18
[2020-10-24 18:59:24] 17.06 69.46 991.27
[2020-10-24 19:09:24] 17.19 68.66 991.2
[2020-10-24 19:19:24] 17.15 68.42 991.11
[2020-10-24 19:29:24] 17.04 68.52 990.93
[2020-10-24 19:39:24] 16.93 68.64 990.59
[2020-10-24 19:49:24] 16.92 68.48 990.74
[2020-10-24 19:59:24] 16.91 68.44 990.79
[2020-10-24 20:09:24] 16.94 68.32 990.28
[2020-10-24 20:19:25] 17.02 67.98 990.13
[2020-10-24 20:29:25] 16.99 68.14 990.04
[2020-10-24 20:39:25] 16.86 68.6 989.83
[2020-10-24 20:49:25] 16.99 68.05 989.98
[2020-10-24 20:59:25] 16.86 68.49 989.83
[2020-10-24 21:09:25] 16.91 68.38 989.72
[2020-10-24 21:19:25] 16.9 68.35 989.95
[2020-10-24 21:29:25] 16.94 68.24 990.29
[2020-10-24 21:39:26] 16.77 68.53 990.43
[2020-10-24 21:49:35] 16.77 68.14 990.51
[2020-10-24 21:59:36] 16.7 68.09 990.55
[2020-10-24 22:09:36] 16.75 67.43 990.36
[2020-10-24 22:19:36] 16.51 68.11 990.56
[2020-10-24 22:29:36] 16.31 68.37 990.43
[2020-10-24 22:39:36] 16.3 68.09 990.35
[2020-10-24 22:49:37] 16.27 67.77 989.88
[2020-10-24 22:59:37] 16.21 67.62 990.63
[2020-10-24 23:09:37] 16.14 67.71 990.54
[2020-10-24 23:19:37] 16.12 67.46 990.65
[2020-10-24 23:29:37] 16.03 67.72 991.05
[2020-10-24 23:39:37] 16.16 67.08 990.74
[2020-10-24 23:49:41] 16.08 67.3 990.69
[2020-10-24 23:59:41] 16.17 67.13 990.95
[2020-10-25 00:09:41] 16.24 66.83 991.08
[2020-10-25 00:19:41] 15.98 67.35 991.08
[2020-10-25 00:29:41] 16.15 66.2 990.99
[2020-10-25 00:39:41] 15.91 66.88 991.0
[2020-10-25 00:49:41] 15.74 67.05 990.89
[2020-10-25 00:59:42] 15.7 66.86 990.98
[2020-10-25 01:09:42] 15.04 66.71 991.47
[2020-10-25 01:19:42] 14.92 66.62 991.44
[2020-10-25 01:29:42] 14.87 66.36 991.52
[2020-10-25 01:39:43] 14.92 65.72 991.57
[2020-10-25 01:49:43] 14.65 66.12 991.61
[2020-10-25 01:59:43] 14.67 65.73 991.69
[2020-10-25 02:09:43] 14.62 65.48 991.58
[2020-10-25 02:19:43] 14.73 64.86 991.68
[2020-10-25 02:29:43] 14.95 63.78 991.65
[2020-10-25 02:39:43] 14.83 63.77 991.45
[2020-10-25 02:49:43] 14.69 64.03 991.18
[2020-10-25 02:59:43] 14.58 63.97 991.11
[2020-10-25 03:09:44] 14.48 63.99 991.12
[2020-10-25 03:19:44] 14.36 64.06 991.25
[2020-10-25 03:29:44] 14.22 64.38 991.42
[2020-10-25 03:39:44] 14.44 63.84 991.65
[2020-10-25 03:49:44] 14.53 63.87 992.09
[2020-10-25 03:59:44] 14.74 63.69 991.83
[2020-10-25 04:09:45] 14.62 64.56 991.61
[2020-10-25 04:19:44] 14.33 65.22 991.32
[2020-10-25 04:29:45] 14.31 64.8 991.5
[2020-10-25 04:39:45] 14.18 64.65 991.51
[2020-10-25 04:49:45] 14.05 64.64 991.66
[2020-10-25 04:59:45] 13.93 64.48 991.77
[2020-10-25 05:09:45] 13.8 64.35 991.72
[2020-10-25 05:19:45] 14.04 63.24 991.67
[2020-10-25 05:29:45] 13.98 62.72 991.71
[2020-10-25 05:39:45] 13.7 62.86 991.62
[2020-10-25 05:49:45] 13.4 63.39 991.55
[2020-10-25 05:59:46] 13.13 63.77 991.74
[2020-10-25 06:09:46] 13.17 63.5 991.72
[2020-10-25 06:19:46] 13.41 63.3 991.58
[2020-10-25 06:29:46] 13.5 63.53 991.62
[2020-10-25 06:39:46] 13.84 63.14 991.82
[2020-10-25 06:49:46] 14.34 62.07 991.85
[2020-10-25 06:59:46] 14.22 62.68 991.74
[2020-10-25 07:09:46] 13.7 64.36 991.72
[2020-10-25 07:19:46] 13.68 64.6 991.83
[2020-10-25 07:29:47] 13.87 64.46 992.13
[2020-10-25 07:39:47] 14.18 63.81 992.1
[2020-10-25 07:49:47] 14.26 64.12 992.29
[2020-10-25 07:59:47] 14.39 64.08 992.32
[2020-10-25 08:09:47] 14.28 64.9 992.38
[2020-10-25 08:19:47] 14.37 64.83 992.3
[2020-10-25 08:29:47] 14.82 64.06 991.99
[2020-10-25 08:39:47] 15.64 63.12 992.17
[2020-10-25 08:49:48] 16.19 63.26 992.13
[2020-10-25 08:59:48] 15.93 65.5 992.12
[2020-10-25 09:09:48] 16.05 65.34 992.36
[2020-10-25 09:19:48] 16.09 65.12 992.48
[2020-10-25 09:29:48] 15.74 65.99 992.42
[2020-10-25 09:39:48] 15.57 66.08 992.8
[2020-10-25 09:49:48] 15.46 65.72 992.46
[2020-10-25 09:59:48] 15.47 65.29 991.6
[2020-10-25 10:09:48] 16.98 61.15 991.82
[2020-10-25 10:19:49] 18.08 59.57 991.79
[2020-10-25 10:29:49] 18.79 59.37 991.74
[2020-10-25 10:39:49] 19.16 60.17 991.69
[2020-10-25 10:49:49] 18.59 62.82 992.08
[2020-10-25 10:59:49] 19.5 62.19 991.87
[2020-10-25 11:09:49] 20.09 62.92 991.98
[2020-10-25 11:19:49] 20.89 63.25 991.9
[2020-10-25 11:29:49] 21.9 62.72 991.82
[2020-10-25 11:39:50] 22.72 62.5 991.72
[2020-10-25 11:49:50] 23.39 62.46 991.91
[2020-10-25 11:59:50] 22.92 64.25 991.73
[2020-10-25 12:09:50] 22.19 65.59 991.73
[2020-10-25 12:19:50] 21.13 67.26 991.6
[2020-10-25 12:29:50] 20.96 67.1 991.64
[2020-10-25 12:39:50] 20.94 66.5 991.66
[2020-10-25 12:49:50] 21.22 65.62 991.52
[2020-10-25 12:59:50] 21.59 64.1 991.38
[2020-10-25 13:09:50] 21.66 63.57 991.29
[2020-10-25 13:19:51] 21.31 63.39 991.34
[2020-10-25 13:29:51] 20.36 65.55 991.21
[2020-10-25 13:39:51] 19.94 65.32 990.99
[2020-10-25 13:49:51] 20.28 63.46 991.14
[2020-10-25 13:59:51] 20.39 62.97 990.95
[2020-10-25 14:09:51] 20.29 62.67 990.96
[2020-10-25 14:19:51] 20.1 63.0 991.06
[2020-10-25 14:29:51] 19.95 62.57 990.95
[2020-10-25 14:39:51] 19.64 62.83 990.89
[2020-10-25 14:49:51] 18.95 64.02 990.89
[2020-10-25 14:59:51] 18.52 63.97 990.95
[2020-10-25 15:09:52] 18.31 63.45 990.98
[2020-10-25 15:19:52] 18.05 63.25 991.01
[2020-10-25 15:29:52] 18.32 61.88 990.93
[2020-10-25 15:39:52] 18.84 60.61 991.03
[2020-10-25 15:49:52] 18.04 62.49 991.09
[2020-10-25 15:59:52] 17.56 63.15 991.15
[2020-10-25 16:09:52] 17.26 63.57 991.12
[2020-10-25 16:19:52] 16.93 63.81 991.06
[2020-10-25 16:29:52] 16.63 64.2 990.96
[2020-10-25 16:39:53] 16.42 64.27 991.02
[2020-10-25 16:49:53] 16.33 64.07 991.11
[2020-10-25 16:59:53] 16.0 64.41 991.19
[2020-10-25 17:09:53] 15.86 63.98 991.07
[2020-10-25 17:19:53] 15.66 63.79 991.12
[2020-10-25 17:29:53] 15.41 63.89 991.1
[2020-10-25 17:39:53] 15.18 63.88 991.19
[2020-10-25 17:49:53] 15.07 63.66 991.18
[2020-10-25 17:59:53] 14.96 63.51 991.39
[2020-10-25 18:09:54] 14.71 63.69 991.35
[2020-10-25 18:19:54] 14.61 63.58 991.4
[2020-10-25 18:29:54] 14.59 63.22 991.43
[2020-10-25 18:39:54] 14.47 63.15 991.37
[2020-10-25 18:49:54] 14.3 63.07 991.49
[2020-10-25 18:59:54] 14.16 62.78 991.64
[2020-10-25 19:09:54] 14.06 62.86 991.7
[2020-10-25 19:19:54] 13.92 62.85 991.88
[2020-10-25 19:29:54] 13.71 63.3 991.82
[2020-10-25 19:39:55] 13.82 62.66 991.83
[2020-10-25 19:49:55] 13.81 62.14 991.76
[2020-10-25 19:59:55] 13.65 62.45 991.75
[2020-10-25 20:09:55] 13.79 62.18 991.7
[2020-10-25 20:19:55] 13.61 62.78 991.83
[2020-10-25 20:29:55] 13.64 62.61 991.78
[2020-10-25 20:39:55] 13.58 62.52 991.81
[2020-10-25 20:49:55] 13.51 62.41 991.83
