[2019-12-29 16:44:51] 21.98 47.5 1025.61
[2019-12-29 16:56:17] 21.98 47.42 1025.7
[2019-12-29 17:02:25] 21.99 47.29 1025.71
[2019-12-29 17:12:25] 22.0 47.08 1025.63
[2019-12-29 17:22:25] 22.01 46.95 1025.36
[2019-12-29 17:32:25] 21.98 46.41 1025.45
[2019-12-29 17:42:26] 22.06 46.99 1025.51
[2019-12-29 17:52:26] 22.2 47.43 1025.43
[2019-12-29 18:02:26] 22.17 47.41 1025.46
[2019-12-29 18:12:26] 22.21 47.29 1025.64
[2019-12-29 18:22:26] 22.17 47.13 1025.68
[2019-12-29 18:32:26] 22.16 47.06 1025.64
[2019-12-29 18:42:26] 22.1 46.82 1025.65
[2019-12-29 18:52:26] 22.14 46.57 1025.77
[2019-12-29 19:02:26] 22.09 46.43 1025.8
[2019-12-29 19:12:26] 22.02 46.25 1025.71
[2019-12-29 19:22:26] 21.93 46.33 1025.78
[2019-12-29 19:32:27] 21.85 46.62 1025.81
[2019-12-29 19:42:27] 21.81 47.08 1025.82
[2019-12-29 19:52:27] 21.75 47.5 1025.74
[2019-12-29 20:02:27] 21.66 47.88 1025.79
[2019-12-29 20:12:27] 21.59 48.05 1025.81
[2019-12-29 20:22:27] 21.53 48.12 1025.81
[2019-12-29 20:32:27] 21.47 48.06 1025.72
[2019-12-29 20:42:27] 21.67 48.57 1025.7
[2019-12-29 20:52:27] 21.93 49.38 1025.62
[2019-12-29 21:02:27] 22.0 50.4 1025.65
[2019-12-29 21:12:27] 21.9 49.47 1025.62
[2019-12-29 21:22:27] 22.01 51.99 1025.5
[2019-12-29 21:32:28] 22.23 53.19 1025.52
[2019-12-29 21:42:28] 22.28 52.58 1025.25
[2019-12-29 21:52:28] 22.27 51.77 1025.18
[2019-12-29 22:02:28] 22.07 51.16 1025.24
[2019-12-29 22:12:28] 22.0 50.82 1025.4
[2019-12-29 22:22:28] 21.93 50.79 1025.4
[2019-12-29 22:32:28] 21.85 50.67 1025.24
[2019-12-29 22:42:28] 21.77 50.67 1025.2
[2019-12-29 22:52:28] 21.66 50.74 1025.18
[2019-12-29 23:02:28] 21.59 50.6 1025.1
[2019-12-29 23:12:28] 21.54 50.51 1025.1
[2019-12-29 23:22:28] 21.48 50.44 1025.16
[2019-12-29 23:32:29] 21.4 50.29 1025.19
[2019-12-29 23:42:29] 21.39 50.15 1025.09
[2019-12-29 23:52:29] 21.33 50.13 1025.06
[2019-12-30 00:02:29] 21.28 50.2 1025.0
[2019-12-30 00:12:29] 21.22 50.35 1024.85
[2019-12-30 00:22:29] 21.19 50.47 1024.82
[2019-12-30 00:32:29] 21.15 50.5 1024.73
[2019-12-30 00:42:29] 21.07 50.61 1024.74
[2019-12-30 00:52:29] 20.99 50.64 1024.56
[2019-12-30 01:02:29] 20.93 50.75 1024.54
[2019-12-30 01:12:29] 20.9 50.73 1024.54
[2019-12-30 01:22:29] 20.86 50.59 1024.47
[2019-12-30 01:32:30] 20.78 50.45 1024.38
[2019-12-30 01:42:30] 20.73 50.23 1024.38
[2019-12-30 01:52:30] 20.67 50.33 1024.45
[2019-12-30 02:02:30] 20.63 50.32 1024.4
[2019-12-30 02:12:30] 20.58 50.38 1024.36
[2019-12-30 02:22:30] 20.52 50.42 1024.34
[2019-12-30 02:32:30] 20.48 50.32 1024.24
[2019-12-30 02:42:30] 20.42 50.23 1024.15
[2019-12-30 02:52:30] 20.37 50.11 1024.11
[2019-12-30 03:02:30] 20.31 50.19 1023.97
[2019-12-30 03:12:30] 20.27 50.24 1023.85
[2019-12-30 03:22:31] 20.23 50.3 1023.81
[2019-12-30 03:32:31] 20.17 50.29 1023.91
[2019-12-30 03:42:31] 20.13 50.13 1023.95
[2019-12-30 03:52:31] 20.07 50.02 1023.93
[2019-12-30 04:02:31] 20.02 49.85 1023.98
[2019-12-30 04:12:31] 19.96 49.65 1023.94
[2019-12-30 04:22:31] 19.9 49.57 1023.79
[2019-12-30 04:32:31] 19.83 49.55 1023.82
[2019-12-30 04:42:31] 19.78 49.55 1023.76
[2019-12-30 04:52:31] 19.72 49.52 1023.6
[2019-12-30 05:02:31] 19.68 49.48 1023.89
[2019-12-30 05:12:31] 19.63 49.44 1023.75
[2019-12-30 05:22:31] 19.56 49.62 1023.63
[2019-12-30 05:32:31] 19.52 49.68 1023.67
[2019-12-30 05:42:31] 19.48 49.69 1023.59
[2019-12-30 05:52:32] 19.4 49.74 1023.53
[2019-12-30 06:02:32] 19.37 49.7 1023.56
[2019-12-30 06:12:32] 19.32 49.83 1023.61
[2019-12-30 06:22:32] 19.34 49.56 1023.56
[2019-12-30 06:32:32] 19.43 49.46 1023.52
[2019-12-30 06:42:32] 19.54 49.52 1023.37
[2019-12-30 06:52:32] 19.61 49.28 1023.31
[2019-12-30 07:02:32] 19.71 48.99 1023.28
[2019-12-30 07:12:32] 19.73 48.79 1023.18
[2019-12-30 07:22:32] 19.74 48.54 1023.31
[2019-12-30 07:32:32] 19.74 48.38 1023.36
[2019-12-30 07:42:32] 19.71 48.35 1023.39
[2019-12-30 07:52:32] 19.67 48.54 1023.25
[2019-12-30 08:02:32] 19.61 48.63 1023.2
[2019-12-30 08:12:33] 19.57 48.48 1023.23
[2019-12-30 08:22:33] 19.53 48.38 1023.19
[2019-12-30 08:32:33] 19.52 48.27 1023.26
[2019-12-30 08:42:33] 19.49 48.37 1023.46
[2019-12-30 08:52:33] 19.46 48.43 1023.48
[2019-12-30 09:02:33] 19.44 48.48 1023.53
[2019-12-30 09:12:33] 19.41 48.45 1023.65
[2019-12-30 09:22:33] 19.39 48.38 1023.45
[2019-12-30 09:32:33] 19.38 48.35 1023.55
[2019-12-30 09:42:33] 19.36 48.38 1023.54
[2019-12-30 09:52:33] 19.38 48.64 1023.6
[2019-12-30 10:02:33] 19.37 49.41 1023.7
[2019-12-30 10:12:33] 19.46 50.03 1023.68
[2019-12-30 10:22:34] 19.57 50.28 1023.67
[2019-12-30 10:32:34] 19.66 50.57 1023.73
[2019-12-30 10:42:34] 19.77 50.9 1023.63
[2019-12-30 10:52:34] 19.83 50.28 1023.37
[2019-12-30 11:02:34] 19.87 49.83 1023.36
[2019-12-30 11:12:34] 19.89 49.61 1023.28
[2019-12-30 11:22:34] 19.93 49.13 1023.24
[2019-12-30 11:32:34] 19.94 48.84 1023.2
[2019-12-30 11:42:34] 19.98 48.53 1023.21
[2019-12-30 11:52:34] 20.02 48.09 1023.11
[2019-12-30 12:02:34] 20.12 47.8 1023.1
[2019-12-30 12:12:34] 20.26 47.58 1023.0
[2019-12-30 12:22:35] 20.43 47.14 1022.89
[2019-12-30 12:32:35] 20.68 46.56 1022.57
[2019-12-30 12:42:35] 20.9 45.91 1022.49
[2019-12-30 12:52:35] 21.11 45.52 1022.27
[2019-12-30 13:02:35] 21.37 47.03 1022.08
[2019-12-30 13:12:35] 21.53 48.69 1022.08
[2019-12-30 13:22:35] 21.63 47.81 1022.1
[2019-12-30 13:32:35] 21.69 45.78 1021.99
[2019-12-30 13:42:35] 21.6 45.35 1021.87
[2019-12-30 13:52:35] 21.64 46.43 1021.74
[2019-12-30 14:02:35] 21.75 47.38 1021.86
[2019-12-30 14:12:35] 21.86 46.81 1021.81
[2019-12-30 14:22:35] 21.93 46.9 1021.82
[2019-12-30 14:32:35] 21.94 46.97 1021.81
[2019-12-30 14:42:36] 21.94 46.16 1021.75
[2019-12-30 14:52:36] 22.03 47.11 1021.87
[2019-12-30 15:02:36] 22.11 47.1 1021.87
[2019-12-30 15:12:36] 22.28 46.87 1021.93
[2019-12-30 15:22:36] 22.32 46.25 1021.86
[2019-12-30 15:32:36] 22.33 45.57 1021.65
[2019-12-30 15:42:36] 22.35 45.72 1021.52
[2019-12-30 15:52:36] 22.28 45.79 1021.41
[2019-12-30 16:02:36] 22.2 45.95 1021.74
[2019-12-30 16:12:36] 22.1 45.93 1021.67
[2019-12-30 16:22:36] 22.02 45.92 1021.78
[2019-12-30 16:32:36] 21.94 45.98 1022.06
[2019-12-30 16:42:37] 21.89 45.87 1022.09
[2019-12-30 16:52:37] 21.82 45.58 1022.06
[2019-12-30 17:02:37] 21.85 45.6 1022.05
[2019-12-30 17:12:37] 21.81 45.63 1022.19
[2019-12-30 17:22:37] 22.08 45.52 1022.4
[2019-12-30 17:32:37] 22.19 45.14 1022.19
[2019-12-30 17:42:37] 22.28 44.64 1022.31
[2019-12-30 17:52:37] 22.36 44.67 1022.36
[2019-12-30 18:02:37] 22.49 44.2 1022.46
[2019-12-30 18:12:37] 22.53 44.21 1022.64
[2019-12-30 18:22:37] 22.55 44.0 1022.56
[2019-12-30 18:32:37] 22.71 43.7 1022.51
[2019-12-30 18:42:37] 22.74 43.63 1022.32
[2019-12-30 18:52:38] 22.79 43.55 1022.39
[2019-12-30 19:02:38] 22.83 43.27 1022.8
[2019-12-30 19:12:38] 22.87 43.09 1022.8
[2019-12-30 19:22:38] 22.9 43.17 1022.75
[2019-12-30 19:32:38] 22.9 43.05 1022.89
[2019-12-30 19:42:38] 22.94 42.83 1023.11
